This is pdfTeX, Version 3.14159265-2.6-1.40.15 (TeX Live 2014) (preloaded format=pdflatex 2016.11.8)  25 APR 2017 08:31
entering extended mode
 restricted \write18 enabled.
 %&-line parsing enabled.
**ORCHID_and_Dang_Guide.tex
(./ORCHID_and_Dang_Guide.tex
LaTeX2e <2011/06/27>
Babel <3.9k> and hyphenation patterns for 2 languages loaded.
(/usr/share/texlive/texmf-dist/tex/latex/base/article.cls
Document Class: article 2007/10/19 v1.4h Standard LaTeX document class
(/usr/share/texlive/texmf-dist/tex/latex/base/size10.clo
File: size10.clo 2007/10/19 v1.4h Standard LaTeX file (size option)
)
\c@part=\count79
\c@section=\count80
\c@subsection=\count81
\c@subsubsection=\count82
\c@paragraph=\count83
\c@subparagraph=\count84
\c@figure=\count85
\c@table=\count86
\abovecaptionskip=\skip41
\belowcaptionskip=\skip42
\bibindent=\dimen102
)
(/usr/share/texlive/texmf-dist/tex/latex/hyperref/hyperref.sty
Package: hyperref 2012/11/06 v6.83m Hypertext links for LaTeX

(/usr/share/texlive/texmf-dist/tex/generic/oberdiek/hobsub-hyperref.sty
Package: hobsub-hyperref 2012/05/28 v1.13 Bundle oberdiek, subset hyperref (HO)


(/usr/share/texlive/texmf-dist/tex/generic/oberdiek/hobsub-generic.sty
Package: hobsub-generic 2012/05/28 v1.13 Bundle oberdiek, subset generic (HO)
Package: hobsub 2012/05/28 v1.13 Construct package bundles (HO)
Package: infwarerr 2010/04/08 v1.3 Providing info/warning/error messages (HO)
Package: ltxcmds 2011/11/09 v1.22 LaTeX kernel commands for general use (HO)
Package: ifluatex 2010/03/01 v1.3 Provides the ifluatex switch (HO)
Package ifluatex Info: LuaTeX not detected.
Package: ifvtex 2010/03/01 v1.5 Detect VTeX and its facilities (HO)
Package ifvtex Info: VTeX not detected.
Package: intcalc 2007/09/27 v1.1 Expandable calculations with integers (HO)
Package: ifpdf 2011/01/30 v2.3 Provides the ifpdf switch (HO)
Package ifpdf Info: pdfTeX in PDF mode is detected.
Package: etexcmds 2011/02/16 v1.5 Avoid name clashes with e-TeX commands (HO)
Package etexcmds Info: Could not find \expanded.
(etexcmds)             That can mean that you are not using pdfTeX 1.50 or
(etexcmds)             that some package has redefined \expanded.
(etexcmds)             In the latter case, load this package earlier.
Package: kvsetkeys 2012/04/25 v1.16 Key value parser (HO)
Package: kvdefinekeys 2011/04/07 v1.3 Define keys (HO)
Package: pdftexcmds 2011/11/29 v0.20 Utility functions of pdfTeX for LuaTeX (HO
)
Package pdftexcmds Info: LuaTeX not detected.
Package pdftexcmds Info: \pdf@primitive is available.
Package pdftexcmds Info: \pdf@ifprimitive is available.
Package pdftexcmds Info: \pdfdraftmode found.
Package: pdfescape 2011/11/25 v1.13 Implements pdfTeX's escape features (HO)
Package: bigintcalc 2012/04/08 v1.3 Expandable calculations on big integers (HO
)
Package: bitset 2011/01/30 v1.1 Handle bit-vector datatype (HO)
Package: uniquecounter 2011/01/30 v1.2 Provide unlimited unique counter (HO)
)
Package hobsub Info: Skipping package `hobsub' (already loaded).
Package: letltxmacro 2010/09/02 v1.4 Let assignment for LaTeX macros (HO)
Package: hopatch 2012/05/28 v1.2 Wrapper for package hooks (HO)
Package: xcolor-patch 2011/01/30 xcolor patch
Package: atveryend 2011/06/30 v1.8 Hooks at the very end of document (HO)
Package atveryend Info: \enddocument detected (standard20110627).
Package: atbegshi 2011/10/05 v1.16 At begin shipout hook (HO)
Package: refcount 2011/10/16 v3.4 Data extraction from label references (HO)
Package: hycolor 2011/01/30 v1.7 Color options for hyperref/bookmark (HO)
)
(/usr/share/texlive/texmf-dist/tex/latex/graphics/keyval.sty
Package: keyval 1999/03/16 v1.13 key=value parser (DPC)
\KV@toks@=\toks14
)
(/usr/share/texlive/texmf-dist/tex/generic/ifxetex/ifxetex.sty
Package: ifxetex 2010/09/12 v0.6 Provides ifxetex conditional
)
(/usr/share/texlive/texmf-dist/tex/latex/oberdiek/auxhook.sty
Package: auxhook 2011/03/04 v1.3 Hooks for auxiliary files (HO)
)
(/usr/share/texlive/texmf-dist/tex/latex/oberdiek/kvoptions.sty
Package: kvoptions 2011/06/30 v3.11 Key value format for package options (HO)
)
\@linkdim=\dimen103
\Hy@linkcounter=\count87
\Hy@pagecounter=\count88

(/usr/share/texlive/texmf-dist/tex/latex/hyperref/pd1enc.def
File: pd1enc.def 2012/11/06 v6.83m Hyperref: PDFDocEncoding definition (HO)
)
\Hy@SavedSpaceFactor=\count89

(/usr/share/texlive/texmf-dist/tex/latex/latexconfig/hyperref.cfg
File: hyperref.cfg 2002/06/06 v1.2 hyperref configuration of TeXLive
)
Package hyperref Info: Hyper figures OFF on input line 4443.
Package hyperref Info: Link nesting OFF on input line 4448.
Package hyperref Info: Hyper index ON on input line 4451.
Package hyperref Info: Plain pages OFF on input line 4458.
Package hyperref Info: Backreferencing OFF on input line 4463.
Package hyperref Info: Implicit mode ON; LaTeX internals redefined.
Package hyperref Info: Bookmarks ON on input line 4688.
\c@Hy@tempcnt=\count90

(/usr/share/texlive/texmf-dist/tex/latex/url/url.sty
\Urlmuskip=\muskip10
Package: url 2013/09/16  ver 3.4  Verb mode for urls, etc.
)
LaTeX Info: Redefining \url on input line 5041.
\XeTeXLinkMargin=\dimen104
\Fld@menulength=\count91
\Field@Width=\dimen105
\Fld@charsize=\dimen106
Package hyperref Info: Hyper figures OFF on input line 6295.
Package hyperref Info: Link nesting OFF on input line 6300.
Package hyperref Info: Hyper index ON on input line 6303.
Package hyperref Info: backreferencing OFF on input line 6310.
Package hyperref Info: Link coloring OFF on input line 6315.
Package hyperref Info: Link coloring with OCG OFF on input line 6320.
Package hyperref Info: PDF/A mode OFF on input line 6325.
LaTeX Info: Redefining \ref on input line 6365.
LaTeX Info: Redefining \pageref on input line 6369.
\Hy@abspage=\count92
\c@Item=\count93
\c@Hfootnote=\count94
)

Package hyperref Message: Driver (autodetected): hpdftex.

(/usr/share/texlive/texmf-dist/tex/latex/hyperref/hpdftex.def
File: hpdftex.def 2012/11/06 v6.83m Hyperref driver for pdfTeX
\Fld@listcount=\count95
\c@bookmark@seq@number=\count96

(/usr/share/texlive/texmf-dist/tex/latex/oberdiek/rerunfilecheck.sty
Package: rerunfilecheck 2011/04/15 v1.7 Rerun checks for auxiliary files (HO)
Package uniquecounter Info: New unique counter `rerunfilecheck' on input line 2
82.
)
\Hy@SectionHShift=\skip43
)
(/usr/share/texlive/texmf-dist/tex/latex/graphics/graphicx.sty
Package: graphicx 1999/02/16 v1.0f Enhanced LaTeX Graphics (DPC,SPQR)

(/usr/share/texlive/texmf-dist/tex/latex/graphics/graphics.sty
Package: graphics 2009/02/05 v1.0o Standard LaTeX Graphics (DPC,SPQR)

(/usr/share/texlive/texmf-dist/tex/latex/graphics/trig.sty
Package: trig 1999/03/16 v1.09 sin cos tan (DPC)
)
(/usr/share/texlive/texmf-dist/tex/latex/latexconfig/graphics.cfg
File: graphics.cfg 2010/04/23 v1.9 graphics configuration of TeX Live
)
Package graphics Info: Driver file: pdftex.def on input line 91.

(/usr/share/texlive/texmf-dist/tex/latex/pdftex-def/pdftex.def
File: pdftex.def 2011/05/27 v0.06d Graphics/color for pdfTeX
\Gread@gobject=\count97
))
\Gin@req@height=\dimen107
\Gin@req@width=\dimen108
)
(/usr/share/texlive/texmf-dist/tex/latex/geometry/geometry.sty
Package: geometry 2010/09/12 v5.6 Page Geometry
\Gm@cnth=\count98
\Gm@cntv=\count99
\c@Gm@tempcnt=\count100
\Gm@bindingoffset=\dimen109
\Gm@wd@mp=\dimen110
\Gm@odd@mp=\dimen111
\Gm@even@mp=\dimen112
\Gm@layoutwidth=\dimen113
\Gm@layoutheight=\dimen114
\Gm@layouthoffset=\dimen115
\Gm@layoutvoffset=\dimen116
\Gm@dimlist=\toks15
)
(./ORCHID_and_Dang_Guide.aux)
\openout1 = `ORCHID_and_Dang_Guide.aux'.

LaTeX Font Info:    Checking defaults for OML/cmm/m/it on input line 9.
LaTeX Font Info:    ... okay on input line 9.
LaTeX Font Info:    Checking defaults for T1/cmr/m/n on input line 9.
LaTeX Font Info:    ... okay on input line 9.
LaTeX Font Info:    Checking defaults for OT1/cmr/m/n on input line 9.
LaTeX Font Info:    ... okay on input line 9.
LaTeX Font Info:    Checking defaults for OMS/cmsy/m/n on input line 9.
LaTeX Font Info:    ... okay on input line 9.
LaTeX Font Info:    Checking defaults for OMX/cmex/m/n on input line 9.
LaTeX Font Info:    ... okay on input line 9.
LaTeX Font Info:    Checking defaults for U/cmr/m/n on input line 9.
LaTeX Font Info:    ... okay on input line 9.
LaTeX Font Info:    Checking defaults for PD1/pdf/m/n on input line 9.
LaTeX Font Info:    ... okay on input line 9.
\AtBeginShipoutBox=\box26
Package hyperref Info: Link coloring OFF on input line 9.

(/usr/share/texlive/texmf-dist/tex/latex/hyperref/nameref.sty
Package: nameref 2012/10/27 v2.43 Cross-referencing by name of section

(/usr/share/texlive/texmf-dist/tex/generic/oberdiek/gettitlestring.sty
Package: gettitlestring 2010/12/03 v1.4 Cleanup title references (HO)
)
\c@section@level=\count101
)
LaTeX Info: Redefining \ref on input line 9.
LaTeX Info: Redefining \pageref on input line 9.
LaTeX Info: Redefining \nameref on input line 9.

(./ORCHID_and_Dang_Guide.out) (./ORCHID_and_Dang_Guide.out)
\@outlinefile=\write3
\openout3 = `ORCHID_and_Dang_Guide.out'.


(/usr/share/texlive/texmf-dist/tex/context/base/supp-pdf.mkii
[Loading MPS to PDF converter (version 2006.09.02).]
\scratchcounter=\count102
\scratchdimen=\dimen117
\scratchbox=\box27
\nofMPsegments=\count103
\nofMParguments=\count104
\everyMPshowfont=\toks16
\MPscratchCnt=\count105
\MPscratchDim=\dimen118
\MPnumerator=\count106
\makeMPintoPDFobject=\count107
\everyMPtoPDFconversion=\toks17
) (/usr/share/texlive/texmf-dist/tex/latex/oberdiek/epstopdf-base.sty
Package: epstopdf-base 2010/02/09 v2.5 Base part for package epstopdf

(/usr/share/texlive/texmf-dist/tex/latex/oberdiek/grfext.sty
Package: grfext 2010/08/19 v1.1 Manage graphics extensions (HO)
)
Package grfext Info: Graphics extension search list:
(grfext)             [.png,.pdf,.jpg,.mps,.jpeg,.jbig2,.jb2,.PNG,.PDF,.JPG,.JPE
G,.JBIG2,.JB2,.eps]
(grfext)             \AppendGraphicsExtensions on input line 452.

(/usr/share/texlive/texmf-dist/tex/latex/latexconfig/epstopdf-sys.cfg
File: epstopdf-sys.cfg 2010/07/13 v1.3 Configuration of (r)epstopdf for TeX Liv
e
))
*geometry* driver: auto-detecting
*geometry* detected driver: pdftex
*geometry* verbose mode - [ preamble ] result:
* driver: pdftex
* paper: letterpaper
* layout: <same size as paper>
* layoutoffset:(h,v)=(0.0pt,0.0pt)
* modes: twoside 
* h-part:(L,W,R)=(72.26999pt, 469.75502pt, 72.26999pt)
* v-part:(T,H,B)=(72.26999pt, 650.43001pt, 72.26999pt)
* \paperwidth=614.295pt
* \paperheight=794.96999pt
* \textwidth=469.75502pt
* \textheight=650.43001pt
* \oddsidemargin=0.0pt
* \evensidemargin=0.0pt
* \topmargin=-37.0pt
* \headheight=12.0pt
* \headsep=25.0pt
* \topskip=10.0pt
* \footskip=30.0pt
* \marginparwidth=121.0pt
* \marginparsep=11.0pt
* \columnsep=10.0pt
* \skip\footins=9.0pt plus 4.0pt minus 2.0pt
* \hoffset=0.0pt
* \voffset=0.0pt
* \mag=1000
* \@twocolumnfalse
* \@twosidetrue
* \@mparswitchtrue
* \@reversemarginfalse
* (1in=72.27pt=25.4mm, 1cm=28.453pt)

LaTeX Font Info:    External font `cmex10' loaded for size
(Font)              <12> on input line 15.
LaTeX Font Info:    External font `cmex10' loaded for size
(Font)              <8> on input line 15.
LaTeX Font Info:    External font `cmex10' loaded for size
(Font)              <6> on input line 15.
LaTeX Font Info:    External font `cmex10' loaded for size
(Font)              <9> on input line 16.
LaTeX Font Info:    External font `cmex10' loaded for size
(Font)              <5> on input line 16.
(./ORCHID_and_Dang_Guide.toc
LaTeX Font Info:    External font `cmex10' loaded for size
(Font)              <7> on input line 2.
)
\tf@toc=\write4
\openout4 = `ORCHID_and_Dang_Guide.toc'.

 [1

{/usr/share/texlive/texmf-dist/fonts/map/pdftex/updmap/pdftex.map}]
LaTeX Font Info:    Try loading font information for OMS+cmr on input line 24.
 (/usr/share/texlive/texmf-dist/tex/latex/base/omscmr.fd
File: omscmr.fd 1999/05/25 v2.5h Standard LaTeX font definitions
)
LaTeX Font Info:    Font shape `OMS/cmr/m/n' in size <10> not available
(Font)              Font shape `OMS/cmsy/m/n' tried instead on input line 24.

Overfull \hbox (8.6486pt too wide) in paragraph at lines 43--44
\OT1/cmr/m/n/10 there will be a small cost as-so-ci-ated with this so make cer-
tain Al-fredo Galindo-Uribarri, []urib-arri@ornl.gov[],
 []

[2

] [3] <./DANG_Picture.png, id=125, 432.11438pt x 533.74406pt>
File: ./DANG_Picture.png Graphic file (type png)

<use ./DANG_Picture.png>
Package pdftex.def Info: ./DANG_Picture.png used on input line 94.
(pdftex.def)             Requested size: 164.41711pt x 203.08546pt.
 <./DANG_Layout.png, id=126, 728.7225pt x 732.48656pt>
File: ./DANG_Layout.png Graphic file (type png)

<use ./DANG_Layout.png>
Package pdftex.def Info: ./DANG_Layout.png used on input line 94.
(pdftex.def)             Requested size: 187.89914pt x 188.86607pt.

<./DANG_Layout_Digi_Chans.png, id=130, 728.7225pt x 732.48656pt>
File: ./DANG_Layout_Digi_Chans.png Graphic file (type png)

<use ./DANG_Layout_Digi_Chans.png>
Package pdftex.def Info: ./DANG_Layout_Digi_Chans.png used on input line 105.
(pdftex.def)             Requested size: 187.89914pt x 188.86607pt.

<./DANG_Layout_HV_chans.png, id=132, 728.7225pt x 732.48656pt>
File: ./DANG_Layout_HV_chans.png Graphic file (type png)

<use ./DANG_Layout_HV_chans.png>
Package pdftex.def Info: ./DANG_Layout_HV_chans.png used on input line 105.
(pdftex.def)             Requested size: 187.89914pt x 188.86607pt.


LaTeX Warning: `!h' float specifier changed to `!ht'.

[4 <./DANG_Picture.png> <./DANG_Layout.png>]
Overfull \hbox (4.89745pt too wide) in paragraph at lines 128--129
[]\OT1/cmr/m/n/10 To move DANG to an-other room (for in-stance from the ``ex-pe
r-i-ment room'' which will host the PROSPECT
 []

[5 <./DANG_Layout_Digi_Chans.png> <./DANG_Layout_HV_chans.png>]
<./Coord_System.png, id=148, 450.18187pt x 342.5297pt>
File: ./Coord_System.png Graphic file (type png)

<use ./Coord_System.png>
Package pdftex.def Info: ./Coord_System.png used on input line 154.
(pdftex.def)             Requested size: 234.8775pt x 178.7123pt.

<./Positioning.png, id=150, 432.11438pt x 533.74406pt>
File: ./Positioning.png Graphic file (type png)
 <use ./Positioning.png>
Package pdftex.def Info: ./Positioning.png used on input line 164.
(pdftex.def)             Requested size: 176.15813pt x 217.59041pt.


LaTeX Warning: `!h' float specifier changed to `!ht'.


LaTeX Warning: `!h' float specifier changed to `!ht'.

[6 <./Coord_System.png>] [7 <./Positioning.png>] [8

]
<./Start_Screen_1.png, id=180, 469.755pt x 694.84593pt>
File: ./Start_Screen_1.png Graphic file (type png)

<use ./Start_Screen_1.png>
Package pdftex.def Info: ./Start_Screen_1.png used on input line 266.
(pdftex.def)             Requested size: 469.75502pt x 694.84422pt.


LaTeX Warning: Float too large for page by 78.35866pt on input line 270.

<./Start_Screen_2.png, id=181, 488.57532pt x 663.98062pt>
File: ./Start_Screen_2.png Graphic file (type png)

<use ./Start_Screen_2.png>
Package pdftex.def Info: ./Start_Screen_2.png used on input line 273.
(pdftex.def)             Requested size: 469.75502pt x 638.41718pt.


LaTeX Warning: Float too large for page by 21.93161pt on input line 277.

<./Start_Screen_3.png, id=182, 609.77812pt x 512.66531pt>
File: ./Start_Screen_3.png Graphic file (type png)

<use ./Start_Screen_3.png>
Package pdftex.def Info: ./Start_Screen_3.png used on input line 280.
(pdftex.def)             Requested size: 469.75502pt x 394.9569pt.

<./Start_Screen_4.png, id=183, 721.19438pt x 816.80156pt>
File: ./Start_Screen_4.png Graphic file (type png)

<use ./Start_Screen_4.png>
Package pdftex.def Info: ./Start_Screen_4.png used on input line 287.
(pdftex.def)             Requested size: 469.75502pt x 532.02396pt.

<./Start_Screen_5.png, id=184, 713.66624pt x 710.655pt>
File: ./Start_Screen_5.png Graphic file (type png)

<use ./Start_Screen_5.png>
Package pdftex.def Info: ./Start_Screen_5.png used on input line 294.
(pdftex.def)             Requested size: 469.75502pt x 467.77588pt.


LaTeX Warning: `!h' float specifier changed to `!ht'.


LaTeX Warning: `!h' float specifier changed to `!ht'.


LaTeX Warning: `!h' float specifier changed to `!ht'.


LaTeX Warning: `!h' float specifier changed to `!ht'.


LaTeX Warning: `!h' float specifier changed to `!ht'.

[9

] [10 <./Start_Screen_1.png>] [11 <./Start_Screen_2.png>] [12 <./Start_Screen_3
.png>] [13 <./Start_Screen_4.png>] [14 <./Start_Screen_5.png>]
<./Powerup_Menu.png, id=221, 353.82187pt x 383.93437pt>
File: ./Powerup_Menu.png Graphic file (type png)

<use ./Powerup_Menu.png>
Package pdftex.def Info: ./Powerup_Menu.png used on input line 306.
(pdftex.def)             Requested size: 469.75502pt x 509.74168pt.
 <./Main_Menu.png, id=223, 371.88937pt x 385.44pt>
File: ./Main_Menu.png Graphic file (type png)

<use ./Main_Menu.png>
Package pdftex.def Info: ./Main_Menu.png used on input line 317.
(pdftex.def)             Requested size: 469.75502pt x 486.88617pt.

Underfull \vbox (badness 10000) has occurred while \output is active []

 [15

 <./Powerup_Menu.png>] [16 <./Main_Menu.png>]
<./Running_Screen.png, id=238, 929.72343pt x 374.14781pt>
File: ./Running_Screen.png Graphic file (type png)

<use ./Running_Screen.png>
Package pdftex.def Info: ./Running_Screen.png used on input line 337.
(pdftex.def)             Requested size: 469.75502pt x 189.04305pt.
Package atveryend Info: Empty hook `BeforeClearDocument' on input line 342.
 [17 <./Running_Screen.png>]
Package atveryend Info: Empty hook `AfterLastShipout' on input line 342.

(./ORCHID_and_Dang_Guide.aux)
Package atveryend Info: Executing hook `AtVeryEndDocument' on input line 342.
Package atveryend Info: Executing hook `AtEndAfterFileList' on input line 342.
Package rerunfilecheck Info: File `ORCHID_and_Dang_Guide.out' has not changed.
(rerunfilecheck)             Checksum: 0A066931098E851135C9D33619AC72A6;1167.
Package atveryend Info: Empty hook `AtVeryVeryEnd' on input line 342.
 ) 
Here is how much of TeX's memory you used:
 5678 strings out of 495025
 84734 string characters out of 6181515
 173992 words of memory out of 5000000
 8805 multiletter control sequences out of 15000+600000
 9461 words of font info for 33 fonts, out of 8000000 for 9000
 14 hyphenation exceptions out of 8191
 29i,9n,29p,774b,383s stack positions out of 5000i,500n,10000p,200000b,80000s
</usr/share/texlive/texmf-dist/fonts/type1/public/amsfonts/cm/cmbx10.pfb></us
r/share/texlive/texmf-dist/fonts/type1/public/amsfonts/cm/cmbx12.pfb></usr/shar
e/texlive/texmf-dist/fonts/type1/public/amsfonts/cm/cmbx9.pfb></usr/share/texli
ve/texmf-dist/fonts/type1/public/amsfonts/cm/cmmi10.pfb></usr/share/texlive/tex
mf-dist/fonts/type1/public/amsfonts/cm/cmr10.pfb></usr/share/texlive/texmf-dist
/fonts/type1/public/amsfonts/cm/cmr12.pfb></usr/share/texlive/texmf-dist/fonts/
type1/public/amsfonts/cm/cmr17.pfb></usr/share/texlive/texmf-dist/fonts/type1/p
ublic/amsfonts/cm/cmr6.pfb></usr/share/texlive/texmf-dist/fonts/type1/public/am
sfonts/cm/cmr7.pfb></usr/share/texlive/texmf-dist/fonts/type1/public/amsfonts/c
m/cmr9.pfb></usr/share/texlive/texmf-dist/fonts/type1/public/amsfonts/cm/cmsy10
.pfb></usr/share/texlive/texmf-dist/fonts/type1/public/amsfonts/cm/cmti10.pfb>
Output written on ORCHID_and_Dang_Guide.pdf (17 pages, 2691032 bytes).
PDF statistics:
 299 PDF objects out of 1000 (max. 8388607)
 240 compressed objects within 3 object streams
 51 named destinations out of 1000 (max. 500000)
 215 words of extra memory for PDF output out of 10000 (max. 10000000)

